----------------------------------------------------------------------------------------------------------------------------------------
      name:  <unnamed>
       log:  C:\Users\soulu\OneDrive - University of Toronto\University of Toronto\UTM 2021-2023\7_2023 Fall\ECO375H5F\Homework\Homework
>  2\Homework_2.log
  log type:  text
 opened on:  16 Nov 2023, 08:43:21

. do "C:\Users\soulu\AppData\Local\Temp\STD7a2c_000000.tmp"

. ********************************************************************************
. **************** ECO375 Homework 2 (Cheong Siu Lun, Chris) *********************
. ********************************************************************************
. 
. // Setting up Working Directory
. 
. cd "C:\Users\soulu\OneDrive - University of Toronto\University of Toronto\UTM 2021-2023\7_2023 Fall\ECO375H5F\Homework\Homework 2"
C:\Users\soulu\OneDrive - University of Toronto\University of Toronto\UTM 2021-2023\7_2023 Fall\ECO375H5F\Homework\Homework 2

. use "eco375hw2data2023", clear

. 
. 
. *****************************
. // Question 3: Data from the US
. *****************************
. // (a) Estimate the following model using OLS: ln(wage) = β0 + β1*age + u. State the estimated β1 hat using words a non-economist coul
> d understand; do not use causal language. Answer twice: once using an approximation, and once using an exact answer.
. 
. gen lwage = ln(incwage)
(799 missing values generated)

. reg lwage age

      Source |       SS           df       MS      Number of obs   =    13,695
-------------+----------------------------------   F(1, 13693)     =    783.93
       Model |  929.369227         1  929.369227   Prob > F        =    0.0000
    Residual |  16233.3922    13,693  1.18552488   R-squared       =    0.0542
-------------+----------------------------------   Adj R-squared   =    0.0541
       Total |  17162.7614    13,694   1.2533052   Root MSE        =    1.0888

------------------------------------------------------------------------------
       lwage | Coefficient  Std. err.      t    P>|t|     [95% conf. interval]
-------------+----------------------------------------------------------------
         age |   .0177961   .0006356    28.00   0.000     .0165503     .019042
       _cons |   9.866734   .0284485   346.83   0.000     9.810972    9.922497
------------------------------------------------------------------------------

. 
. 
. // (b) What is the t-statistic when testing whether β1=.02 in Equation 3?
. 
. gen tstat3b = (_b[age]-0.02)/_se[age]

. gen df = e(N)-1-1

. di invttail(df, 0.05/2)
1.9601372

. di tstat3b
-3.4673703

. 
. 
. // (c) Now, estimate the following model using OLS: ln(wage) = β0 + β1age + β2age2 + β3age3 + u. Using an approximation, based on thes
> e results, how much does income increase or decrease with age when someone is 25? What about when they are 65?
. 
. // Step 1: Generate new variables and run regression
. gen age2 = age^2

. gen age3 = age^3

. reg lwage age age2 age3

      Source |       SS           df       MS      Number of obs   =    13,695
-------------+----------------------------------   F(3, 13691)     =   1303.52
       Model |  3813.07366         3  1271.02455   Prob > F        =    0.0000
    Residual |  13349.6878    13,691   .97507032   R-squared       =    0.2222
-------------+----------------------------------   Adj R-squared   =    0.2220
       Total |  17162.7614    13,694   1.2533052   Root MSE        =    .98746

------------------------------------------------------------------------------
       lwage | Coefficient  Std. err.      t    P>|t|     [95% conf. interval]
-------------+----------------------------------------------------------------
         age |   .4139685   .0116326    35.59   0.000      .391167      .43677
        age2 |  -.0075274   .0002693   -27.95   0.000    -.0080553   -.0069996
        age3 |   .0000423   1.95e-06    21.64   0.000     .0000384    .0000461
       _cons |    3.81264   .1555861    24.51   0.000      3.50767     4.11761
------------------------------------------------------------------------------

. 
. // Step 2: Calculate the approximate income increase when i) age=25 and ii) age=65 
. di (_b[age] + 2*_b[age2]*25 + 3*_b[age3]*(25^2))*100
11.683685

. di (_b[age] + 2*_b[age2]*65 + 3*_b[age3]*(65^2))*100
-2.8932757

. 
. 
. // (d) Test whether log income varies non-linearly with age in Equation 4. Can you reject the null of linearity at the 5% level?
. 
. // H0: β2=0 and β3=0 (Testing 2 Linear Restrictions)
. // Step 1: Find the Sum of Squared Residuals (SSR) of the restricted model
. reg lwage age

      Source |       SS           df       MS      Number of obs   =    13,695
-------------+----------------------------------   F(1, 13693)     =    783.93
       Model |  929.369227         1  929.369227   Prob > F        =    0.0000
    Residual |  16233.3922    13,693  1.18552488   R-squared       =    0.0542
-------------+----------------------------------   Adj R-squared   =    0.0541
       Total |  17162.7614    13,694   1.2533052   Root MSE        =    1.0888

------------------------------------------------------------------------------
       lwage | Coefficient  Std. err.      t    P>|t|     [95% conf. interval]
-------------+----------------------------------------------------------------
         age |   .0177961   .0006356    28.00   0.000     .0165503     .019042
       _cons |   9.866734   .0284485   346.83   0.000     9.810972    9.922497
------------------------------------------------------------------------------

. gen SSRr =  e(rss)

. 
. // Step 2: Find the SSR of unrestricted model
. reg lwage age age2 age3

      Source |       SS           df       MS      Number of obs   =    13,695
-------------+----------------------------------   F(3, 13691)     =   1303.52
       Model |  3813.07366         3  1271.02455   Prob > F        =    0.0000
    Residual |  13349.6878    13,691   .97507032   R-squared       =    0.2222
-------------+----------------------------------   Adj R-squared   =    0.2220
       Total |  17162.7614    13,694   1.2533052   Root MSE        =    .98746

------------------------------------------------------------------------------
       lwage | Coefficient  Std. err.      t    P>|t|     [95% conf. interval]
-------------+----------------------------------------------------------------
         age |   .4139685   .0116326    35.59   0.000      .391167      .43677
        age2 |  -.0075274   .0002693   -27.95   0.000    -.0080553   -.0069996
        age3 |   .0000423   1.95e-06    21.64   0.000     .0000384    .0000461
       _cons |    3.81264   .1555861    24.51   0.000      3.50767     4.11761
------------------------------------------------------------------------------

. gen SSRur = e(rss)

. 
. // Step 3: Find the F-statistic with q=2 and n-k-1=n-3-1=n-4
. gen df1 = 2

. gen df2 = e(N)-3-1

. gen fstat3d = ((SSRr-SSRur)/df1)/(SSRur/df2)

. 
. // Step 4: Compare the F-statistic with the critical value at 5% level
. di fstat3d
1478.7166

. di invF(df1, df2, 0.05)
.05129349

. 
. // Step 5: Verify the answer from step 1-4 with the following F Test
. reg lwage age age2 age3

      Source |       SS           df       MS      Number of obs   =    13,695
-------------+----------------------------------   F(3, 13691)     =   1303.52
       Model |  3813.07366         3  1271.02455   Prob > F        =    0.0000
    Residual |  13349.6878    13,691   .97507032   R-squared       =    0.2222
-------------+----------------------------------   Adj R-squared   =    0.2220
       Total |  17162.7614    13,694   1.2533052   Root MSE        =    .98746

------------------------------------------------------------------------------
       lwage | Coefficient  Std. err.      t    P>|t|     [95% conf. interval]
-------------+----------------------------------------------------------------
         age |   .4139685   .0116326    35.59   0.000      .391167      .43677
        age2 |  -.0075274   .0002693   -27.95   0.000    -.0080553   -.0069996
        age3 |   .0000423   1.95e-06    21.64   0.000     .0000384    .0000461
       _cons |    3.81264   .1555861    24.51   0.000      3.50767     4.11761
------------------------------------------------------------------------------

. di fstat3d
1478.7166

. test age2 age3

 ( 1)  age2 = 0
 ( 2)  age3 = 0

       F(  2, 13691) = 1478.72
            Prob > F =    0.0000

. 
. 
. // (e) Now, estimate the following model using OLS: ln(wage) = β0 + β1age + β2own + β3age × own + u. Should estimated β's be interpret
> ed causally? Why or why not? Refer to the assumption(s) we discussed in class. Then, state the estimated beta 3 hat using words a non-
> economist could understand; use an approximation, and use causal language if and only if the estimates should be interpreted causally.
. 
. reg lwage age own c.age#c.own

      Source |       SS           df       MS      Number of obs   =    13,695
-------------+----------------------------------   F(3, 13691)     =    306.83
       Model |  1081.22048         3  360.406826   Prob > F        =    0.0000
    Residual |  16081.5409    13,691  1.17460674   R-squared       =    0.0630
-------------+----------------------------------   Adj R-squared   =    0.0628
       Total |  17162.7614    13,694   1.2533052   Root MSE        =    1.0838

------------------------------------------------------------------------------
       lwage | Coefficient  Std. err.      t    P>|t|     [95% conf. interval]
-------------+----------------------------------------------------------------
         age |   .0083589   .0012427     6.73   0.000     .0059231    .0107947
         own |  -.2832331   .0610683    -4.64   0.000    -.4029354   -.1635307
             |
 c.age#c.own |   .0114346   .0014552     7.86   0.000     .0085822    .0142871
             |
       _cons |   10.11099   .0497975   203.04   0.000     10.01338     10.2086
------------------------------------------------------------------------------

. 
. 
. // (f) How much faster or slower do wages rise with age for people in the construction industry versus those in all other industries? 
> (Use an approximation here.)
. 
. gen construction = 0

. replace construction = 1 if indly == 770
(1,019 real changes made)

. reg lwage age c.construction#c.age

      Source |       SS           df       MS      Number of obs   =    13,695
-------------+----------------------------------   F(2, 13692)     =    393.81
       Model |   933.56437         2  466.782185   Prob > F        =    0.0000
    Residual |  16229.1971    13,692  1.18530507   R-squared       =    0.0544
-------------+----------------------------------   Adj R-squared   =    0.0543
       Total |  17162.7614    13,694   1.2533052   Root MSE        =    1.0887

--------------------------------------------------------------------------------------
               lwage | Coefficient  Std. err.      t    P>|t|     [95% conf. interval]
---------------------+----------------------------------------------------------------
                 age |   .0177038   .0006374    27.77   0.000     .0164543    .0189532
                     |
c.construction#c.age |    .001594   .0008473     1.88   0.060    -.0000668    .0032547
                     |
               _cons |   9.866253    .028447   346.83   0.000     9.810493    9.922013
--------------------------------------------------------------------------------------

. 
. 
. // (g) By how many standard deviations is log income higher for men than for women in this data?
. gen male = 0

. replace male = 1 if sex == 1
(7,578 real changes made)

. egen lwage_mean = mean(lwage)

. egen lwage_sd = sd(lwage)

. gen lwage_standardized = (lwage - lwage_mean)/(lwage_sd)
(799 missing values generated)

. reg lwage_standardized male

      Source |       SS           df       MS      Number of obs   =    13,695
-------------+----------------------------------   F(1, 13693)     =    343.43
       Model |  335.048684         1  335.048684   Prob > F        =    0.0000
    Residual |  13358.9518    13,693  .975604456   R-squared       =    0.0245
-------------+----------------------------------   Adj R-squared   =    0.0244
       Total |  13694.0005    13,694  1.00000004   Root MSE        =    .98773

------------------------------------------------------------------------------
lwage_stan~d | Coefficient  Std. err.      t    P>|t|     [95% conf. interval]
-------------+----------------------------------------------------------------
        male |   .3130926   .0168949    18.53   0.000     .2799763     .346209
       _cons |  -.1630046   .0121904   -13.37   0.000    -.1868995   -.1391096
------------------------------------------------------------------------------

. 
. 
. // (h) Using the data, briefly present and describe one fact that you think is interesting. Your answer to this question must actually
>  use Stata code and the data to find a fact that was not discussed in a previous question.
. reg lwage age male c.age#c.male

      Source |       SS           df       MS      Number of obs   =    13,695
-------------+----------------------------------   F(3, 13691)     =    398.37
       Model |  1377.88017         3  459.293388   Prob > F        =    0.0000
    Residual |  15784.8813    13,691  1.15293852   R-squared       =    0.0803
-------------+----------------------------------   Adj R-squared   =    0.0801
       Total |  17162.7614    13,694   1.2533052   Root MSE        =    1.0737

------------------------------------------------------------------------------
       lwage | Coefficient  Std. err.      t    P>|t|     [95% conf. interval]
-------------+----------------------------------------------------------------
         age |   .0143423   .0009079    15.80   0.000     .0125627    .0161218
        male |   .0723641   .0561659     1.29   0.198    -.0377287    .1824569
             |
c.age#c.male |   .0065488    .001255     5.22   0.000     .0040889    .0090088
             |
       _cons |   9.830828   .0405923   242.18   0.000     9.751262    9.910395
------------------------------------------------------------------------------

. 
. 
. *****************************
. // Question 4: Monte Carlo Simulation
. *****************************
. // (a) Define a new variable γ ≡ β1 × β2. Estimate γ using ˆγ = βˆ1 × βˆ2 within each simulation, for each set of estimates. Create a 
> table like the following with average estimates of βˆ1, βˆ2, and ˆγ based on 5 observations or 100 observations.
. 
. // For 5 observations
. // Step 1: Clear working directory
. clear all

. set more off

. 
. // Step 2: Define a simulation program "rg_4"
. drop _all

. program define rg_4, rclass
  1.         version 14.2
  2.         syntax [, obs(integer 100)]
  3.         clear
  4.         quietly set obs `obs'
  5.         gen x1 = rnormal(0,1)
  6.         gen v = rnormal(0,2)
  7.         gen x2 = x1 + v
  8.         gen u = runiform(-6,6)
  9.         gen y = 3 + 4*x1 + 2*x2 + u
 10.         qui regress y x1 x2
 11.         return scalar b1 = _b[x1]
 12.         return scalar b2 = _b[x2]
 13.         return scalar se1 = _se[x1]
 14.         return scalar se2 = _se[x2]
 15. end

. 
. // Step 3: Simulate the program 10,000 times with 5 observations
. set seed 123

. simulate b1_4a_obs5 = r(b1) b2_4a_obs5 = r(b2) gamma_4a_obs5 = (r(b1)*r(b2)), reps(10000): rg_4, obs(5)

         Command: rg_4, obs(5)
      b1_4a_obs5: r(b1)
      b2_4a_obs5: r(b2)
   gamma_4a_obs5: r(b1)*r(b2)

Simulations (10,000): .........10.........20.........30.........40.........50.........60.........70.........80.........90.........100...
> ......110.........120.........130.........140.........150.........160.........170.........180.........190.........200.........210.....
> ....220.........230.........240.........250.........260.........270.........280.........290.........300.........310.........320.......
> ..330.........340.........350.........360.........370.........380.........390.........400.........410.........420.........430.........
> 440.........450.........460.........470.........480.........490.........500.........510.........520.........530.........540.........55
> 0.........560.........570.........580.........590.........600.........610.........620.........630.........640.........650.........660.
> ........670.........680.........690.........700.........710.........720.........730.........740.........750.........760.........770...
> ......780.........790.........800.........810.........820.........830.........840.........850.........860.........870.........880.....
> ....890.........900.........910.........920.........930.........940.........950.........960.........970.........980.........990.......
> ..1,000.........1,010.........1,020.........1,030.........1,040.........1,050.........1,060.........1,070.........1,080.........1,090.
> ........1,100.........1,110.........1,120.........1,130.........1,140.........1,150.........1,160.........1,170.........1,180.........
> 1,190.........1,200.........1,210.........1,220.........1,230.........1,240.........1,250.........1,260.........1,270.........1,280...
> ......1,290.........1,300.........1,310.........1,320.........1,330.........1,340.........1,350.........1,360.........1,370.........1,
> 380.........1,390.........1,400.........1,410.........1,420.........1,430.........1,440.........1,450.........1,460.........1,470.....
> ....1,480.........1,490.........1,500.........1,510.........1,520.........1,530.........1,540.........1,550.........1,560.........1,57
> 0.........1,580.........1,590.........1,600.........1,610.........1,620.........1,630.........1,640.........1,650.........1,660.......
> ..1,670.........1,680.........1,690.........1,700.........1,710.........1,720.........1,730.........1,740.........1,750.........1,760.
> ........1,770.........1,780.........1,790.........1,800.........1,810.........1,820.........1,830.........1,840.........1,850.........
> 1,860.........1,870.........1,880.........1,890.........1,900.........1,910.........1,920.........1,930.........1,940.........1,950...
> ......1,960.........1,970.........1,980.........1,990.........2,000.........2,010.........2,020.........2,030.........2,040.........2,
> 050.........2,060.........2,070.........2,080.........2,090.........2,100.........2,110.........2,120.........2,130.........2,140.....
> ....2,150.........2,160.........2,170.........2,180.........2,190.........2,200.........2,210.........2,220.........2,230.........2,24
> 0.........2,250.........2,260.........2,270.........2,280.........2,290.........2,300.........2,310.........2,320.........2,330.......
> ..2,340.........2,350.........2,360.........2,370.........2,380.........2,390.........2,400.........2,410.........2,420.........2,430.
> ........2,440.........2,450.........2,460.........2,470.........2,480.........2,490.........2,500.........2,510.........2,520.........
> 2,530.........2,540.........2,550.........2,560.........2,570.........2,580.........2,590.........2,600.........2,610.........2,620...
> ......2,630.........2,640.........2,650.........2,660.........2,670.........2,680.........2,690.........2,700.........2,710.........2,
> 720.........2,730.........2,740.........2,750.........2,760.........2,770.........2,780.........2,790.........2,800.........2,810.....
> ....2,820.........2,830.........2,840.........2,850.........2,860.........2,870.........2,880.........2,890.........2,900.........2,91
> 0.........2,920.........2,930.........2,940.........2,950.........2,960.........2,970.........2,980.........2,990.........3,000.......
> ..3,010.........3,020.........3,030.........3,040.........3,050.........3,060.........3,070.........3,080.........3,090.........3,100.
> ........3,110.........3,120.........3,130.........3,140.........3,150.........3,160.........3,170.........3,180.........3,190.........
> 3,200.........3,210.........3,220.........3,230.........3,240.........3,250.........3,260.........3,270.........3,280.........3,290...
> ......3,300.........3,310.........3,320.........3,330.........3,340.........3,350.........3,360.........3,370.........3,380.........3,
> 390.........3,400.........3,410.........3,420.........3,430.........3,440.........3,450.........3,460.........3,470.........3,480.....
> ....3,490.........3,500.........3,510.........3,520.........3,530.........3,540.........3,550.........3,560.........3,570.........3,58
> 0.........3,590.........3,600.........3,610.........3,620.........3,630.........3,640.........3,650.........3,660.........3,670.......
> ..3,680.........3,690.........3,700.........3,710.........3,720.........3,730.........3,740.........3,750.........3,760.........3,770.
> ........3,780.........3,790.........3,800.........3,810.........3,820.........3,830.........3,840.........3,850.........3,860.........
> 3,870.........3,880.........3,890.........3,900.........3,910.........3,920.........3,930.........3,940.........3,950.........3,960...
> ......3,970.........3,980.........3,990.........4,000.........4,010.........4,020.........4,030.........4,040.........4,050.........4,
> 060.........4,070.........4,080.........4,090.........4,100.........4,110.........4,120.........4,130.........4,140.........4,150.....
> ....4,160.........4,170.........4,180.........4,190.........4,200.........4,210.........4,220.........4,230.........4,240.........4,25
> 0.........4,260.........4,270.........4,280.........4,290.........4,300.........4,310.........4,320.........4,330.........4,340.......
> ..4,350.........4,360.........4,370.........4,380.........4,390.........4,400.........4,410.........4,420.........4,430.........4,440.
> ........4,450.........4,460.........4,470.........4,480.........4,490.........4,500.........4,510.........4,520.........4,530.........
> 4,540.........4,550.........4,560.........4,570.........4,580.........4,590.........4,600.........4,610.........4,620.........4,630...
> ......4,640.........4,650.........4,660.........4,670.........4,680.........4,690.........4,700.........4,710.........4,720.........4,
> 730.........4,740.........4,750.........4,760.........4,770.........4,780.........4,790.........4,800.........4,810.........4,820.....
> ....4,830.........4,840.........4,850.........4,860.........4,870.........4,880.........4,890.........4,900.........4,910.........4,92
> 0.........4,930.........4,940.........4,950.........4,960.........4,970.........4,980.........4,990.........5,000.........5,010.......
> ..5,020.........5,030.........5,040.........5,050.........5,060.........5,070.........5,080.........5,090.........5,100.........5,110.
> ........5,120.........5,130.........5,140.........5,150.........5,160.........5,170.........5,180.........5,190.........5,200.........
> 5,210.........5,220.........5,230.........5,240.........5,250.........5,260.........5,270.........5,280.........5,290.........5,300...
> ......5,310.........5,320.........5,330.........5,340.........5,350.........5,360.........5,370.........5,380.........5,390.........5,
> 400.........5,410.........5,420.........5,430.........5,440.........5,450.........5,460.........5,470.........5,480.........5,490.....
> ....5,500.........5,510.........5,520.........5,530.........5,540.........5,550.........5,560.........5,570.........5,580.........5,59
> 0.........5,600.........5,610.........5,620.........5,630.........5,640.........5,650.........5,660.........5,670.........5,680.......
> ..5,690.........5,700.........5,710.........5,720.........5,730.........5,740.........5,750.........5,760.........5,770.........5,780.
> ........5,790.........5,800.........5,810.........5,820.........5,830.........5,840.........5,850.........5,860.........5,870.........
> 5,880.........5,890.........5,900.........5,910.........5,920.........5,930.........5,940.........5,950.........5,960.........5,970...
> ......5,980.........5,990.........6,000.........6,010.........6,020.........6,030.........6,040.........6,050.........6,060.........6,
> 070.........6,080.........6,090.........6,100.........6,110.........6,120.........6,130.........6,140.........6,150.........6,160.....
> ....6,170.........6,180.........6,190.........6,200.........6,210.........6,220.........6,230.........6,240.........6,250.........6,26
> 0.........6,270.........6,280.........6,290.........6,300.........6,310.........6,320.........6,330.........6,340.........6,350.......
> ..6,360.........6,370.........6,380.........6,390.........6,400.........6,410.........6,420.........6,430.........6,440.........6,450.
> ........6,460.........6,470.........6,480.........6,490.........6,500.........6,510.........6,520.........6,530.........6,540.........
> 6,550.........6,560.........6,570.........6,580.........6,590.........6,600.........6,610.........6,620.........6,630.........6,640...
> ......6,650.........6,660.........6,670.........6,680.........6,690.........6,700.........6,710.........6,720.........6,730.........6,
> 740.........6,750.........6,760.........6,770.........6,780.........6,790.........6,800.........6,810.........6,820.........6,830.....
> ....6,840.........6,850.........6,860.........6,870.........6,880.........6,890.........6,900.........6,910.........6,920.........6,93
> 0.........6,940.........6,950.........6,960.........6,970.........6,980.........6,990.........7,000.........7,010.........7,020.......
> ..7,030.........7,040.........7,050.........7,060.........7,070.........7,080.........7,090.........7,100.........7,110.........7,120.
> ........7,130.........7,140.........7,150.........7,160.........7,170.........7,180.........7,190.........7,200.........7,210.........
> 7,220.........7,230.........7,240.........7,250.........7,260.........7,270.........7,280.........7,290.........7,300.........7,310...
> ......7,320.........7,330.........7,340.........7,350.........7,360.........7,370.........7,380.........7,390.........7,400.........7,
> 410.........7,420.........7,430.........7,440.........7,450.........7,460.........7,470.........7,480.........7,490.........7,500.....
> ....7,510.........7,520.........7,530.........7,540.........7,550.........7,560.........7,570.........7,580.........7,590.........7,60
> 0.........7,610.........7,620.........7,630.........7,640.........7,650.........7,660.........7,670.........7,680.........7,690.......
> ..7,700.........7,710.........7,720.........7,730.........7,740.........7,750.........7,760.........7,770.........7,780.........7,790.
> ........7,800.........7,810.........7,820.........7,830.........7,840.........7,850.........7,860.........7,870.........7,880.........
> 7,890.........7,900.........7,910.........7,920.........7,930.........7,940.........7,950.........7,960.........7,970.........7,980...
> ......7,990.........8,000.........8,010.........8,020.........8,030.........8,040.........8,050.........8,060.........8,070.........8,
> 080.........8,090.........8,100.........8,110.........8,120.........8,130.........8,140.........8,150.........8,160.........8,170.....
> ....8,180.........8,190.........8,200.........8,210.........8,220.........8,230.........8,240.........8,250.........8,260.........8,27
> 0.........8,280.........8,290.........8,300.........8,310.........8,320.........8,330.........8,340.........8,350.........8,360.......
> ..8,370.........8,380.........8,390.........8,400.........8,410.........8,420.........8,430.........8,440.........8,450.........8,460.
> ........8,470.........8,480.........8,490.........8,500.........8,510.........8,520.........8,530.........8,540.........8,550.........
> 8,560.........8,570.........8,580.........8,590.........8,600.........8,610.........8,620.........8,630.........8,640.........8,650...
> ......8,660.........8,670.........8,680.........8,690.........8,700.........8,710.........8,720.........8,730.........8,740.........8,
> 750.........8,760.........8,770.........8,780.........8,790.........8,800.........8,810.........8,820.........8,830.........8,840.....
> ....8,850.........8,860.........8,870.........8,880.........8,890.........8,900.........8,910.........8,920.........8,930.........8,94
> 0.........8,950.........8,960.........8,970.........8,980.........8,990.........9,000.........9,010.........9,020.........9,030.......
> ..9,040.........9,050.........9,060.........9,070.........9,080.........9,090.........9,100.........9,110.........9,120.........9,130.
> ........9,140.........9,150.........9,160.........9,170.........9,180.........9,190.........9,200.........9,210.........9,220.........
> 9,230.........9,240.........9,250.........9,260.........9,270.........9,280.........9,290.........9,300.........9,310.........9,320...
> ......9,330.........9,340.........9,350.........9,360.........9,370.........9,380.........9,390.........9,400.........9,410.........9,
> 420.........9,430.........9,440.........9,450.........9,460.........9,470.........9,480.........9,490.........9,500.........9,510.....
> ....9,520.........9,530.........9,540.........9,550.........9,560.........9,570.........9,580.........9,590.........9,600.........9,61
> 0.........9,620.........9,630.........9,640.........9,650.........9,660.........9,670.........9,680.........9,690.........9,700.......
> ..9,710.........9,720.........9,730.........9,740.........9,750.........9,760.........9,770.........9,780.........9,790.........9,800.
> ........9,810.........9,820.........9,830.........9,840.........9,850.........9,860.........9,870.........9,880.........9,890.........
> 9,900.........9,910.........9,920.........9,930.........9,940.........9,950.........9,960.........9,970.........9,980.........9,990...
> ......10,000 done

. sum b1_4a_obs5

    Variable |        Obs        Mean    Std. dev.       Min        Max
-------------+---------------------------------------------------------
  b1_4a_obs5 |     10,000    3.985268    4.328742  -82.96123   196.3349

. sum b2_4a_obs5

    Variable |        Obs        Mean    Std. dev.       Min        Max
-------------+---------------------------------------------------------
  b2_4a_obs5 |     10,000    1.988516    1.715661  -49.25658   23.81932

. sum gamma_4a_obs5

    Variable |        Obs        Mean    Std. dev.       Min        Max
-------------+---------------------------------------------------------
gamma_4a_o~5 |     10,000    4.226228    99.05206  -9670.786   371.5908

. 
. // Step 4: Simulate the program 10,000 times with 100 observations
. set seed 123

. simulate b1_4a_obs100 = r(b1) b2_4a_obs100 = r(b2) gamma_4a_obs100 = (r(b1)*r(b2)), reps(10000): rg_4, obs(100)

         Command: rg_4, obs(100)
    b1_4a_obs100: r(b1)
    b2_4a_obs100: r(b2)
 gamma_4a_obs100: r(b1)*r(b2)

Simulations (10,000): .........10.........20.........30.........40.........50.........60.........70.........80.........90.........100...
> ......110.........120.........130.........140.........150.........160.........170.........180.........190.........200.........210.....
> ....220.........230.........240.........250.........260.........270.........280.........290.........300.........310.........320.......
> ..330.........340.........350.........360.........370.........380.........390.........400.........410.........420.........430.........
> 440.........450.........460.........470.........480.........490.........500.........510.........520.........530.........540.........55
> 0.........560.........570.........580.........590.........600.........610.........620.........630.........640.........650.........660.
> ........670.........680.........690.........700.........710.........720.........730.........740.........750.........760.........770...
> ......780.........790.........800.........810.........820.........830.........840.........850.........860.........870.........880.....
> ....890.........900.........910.........920.........930.........940.........950.........960.........970.........980.........990.......
> ..1,000.........1,010.........1,020.........1,030.........1,040.........1,050.........1,060.........1,070.........1,080.........1,090.
> ........1,100.........1,110.........1,120.........1,130.........1,140.........1,150.........1,160.........1,170.........1,180.........
> 1,190.........1,200.........1,210.........1,220.........1,230.........1,240.........1,250.........1,260.........1,270.........1,280...
> ......1,290.........1,300.........1,310.........1,320.........1,330.........1,340.........1,350.........1,360.........1,370.........1,
> 380.........1,390.........1,400.........1,410.........1,420.........1,430.........1,440.........1,450.........1,460.........1,470.....
> ....1,480.........1,490.........1,500.........1,510.........1,520.........1,530.........1,540.........1,550.........1,560.........1,57
> 0.........1,580.........1,590.........1,600.........1,610.........1,620.........1,630.........1,640.........1,650.........1,660.......
> ..1,670.........1,680.........1,690.........1,700.........1,710.........1,720.........1,730.........1,740.........1,750.........1,760.
> ........1,770.........1,780.........1,790.........1,800.........1,810.........1,820.........1,830.........1,840.........1,850.........
> 1,860.........1,870.........1,880.........1,890.........1,900.........1,910.........1,920.........1,930.........1,940.........1,950...
> ......1,960.........1,970.........1,980.........1,990.........2,000.........2,010.........2,020.........2,030.........2,040.........2,
> 050.........2,060.........2,070.........2,080.........2,090.........2,100.........2,110.........2,120.........2,130.........2,140.....
> ....2,150.........2,160.........2,170.........2,180.........2,190.........2,200.........2,210.........2,220.........2,230.........2,24
> 0.........2,250.........2,260.........2,270.........2,280.........2,290.........2,300.........2,310.........2,320.........2,330.......
> ..2,340.........2,350.........2,360.........2,370.........2,380.........2,390.........2,400.........2,410.........2,420.........2,430.
> ........2,440.........2,450.........2,460.........2,470.........2,480.........2,490.........2,500.........2,510.........2,520.........
> 2,530.........2,540.........2,550.........2,560.........2,570.........2,580.........2,590.........2,600.........2,610.........2,620...
> ......2,630.........2,640.........2,650.........2,660.........2,670.........2,680.........2,690.........2,700.........2,710.........2,
> 720.........2,730.........2,740.........2,750.........2,760.........2,770.........2,780.........2,790.........2,800.........2,810.....
> ....2,820.........2,830.........2,840.........2,850.........2,860.........2,870.........2,880.........2,890.........2,900.........2,91
> 0.........2,920.........2,930.........2,940.........2,950.........2,960.........2,970.........2,980.........2,990.........3,000.......
> ..3,010.........3,020.........3,030.........3,040.........3,050.........3,060.........3,070.........3,080.........3,090.........3,100.
> ........3,110.........3,120.........3,130.........3,140.........3,150.........3,160.........3,170.........3,180.........3,190.........
> 3,200.........3,210.........3,220.........3,230.........3,240.........3,250.........3,260.........3,270.........3,280.........3,290...
> ......3,300.........3,310.........3,320.........3,330.........3,340.........3,350.........3,360.........3,370.........3,380.........3,
> 390.........3,400.........3,410.........3,420.........3,430.........3,440.........3,450.........3,460.........3,470.........3,480.....
> ....3,490.........3,500.........3,510.........3,520.........3,530.........3,540.........3,550.........3,560.........3,570.........3,58
> 0.........3,590.........3,600.........3,610.........3,620.........3,630.........3,640.........3,650.........3,660.........3,670.......
> ..3,680.........3,690.........3,700.........3,710.........3,720.........3,730.........3,740.........3,750.........3,760.........3,770.
> ........3,780.........3,790.........3,800.........3,810.........3,820.........3,830.........3,840.........3,850.........3,860.........
> 3,870.........3,880.........3,890.........3,900.........3,910.........3,920.........3,930.........3,940.........3,950.........3,960...
> ......3,970.........3,980.........3,990.........4,000.........4,010.........4,020.........4,030.........4,040.........4,050.........4,
> 060.........4,070.........4,080.........4,090.........4,100.........4,110.........4,120.........4,130.........4,140.........4,150.....
> ....4,160.........4,170.........4,180.........4,190.........4,200.........4,210.........4,220.........4,230.........4,240.........4,25
> 0.........4,260.........4,270.........4,280.........4,290.........4,300.........4,310.........4,320.........4,330.........4,340.......
> ..4,350.........4,360.........4,370.........4,380.........4,390.........4,400.........4,410.........4,420.........4,430.........4,440.
> ........4,450.........4,460.........4,470.........4,480.........4,490.........4,500.........4,510.........4,520.........4,530.........
> 4,540.........4,550.........4,560.........4,570.........4,580.........4,590.........4,600.........4,610.........4,620.........4,630...
> ......4,640.........4,650.........4,660.........4,670.........4,680.........4,690.........4,700.........4,710.........4,720.........4,
> 730.........4,740.........4,750.........4,760.........4,770.........4,780.........4,790.........4,800.........4,810.........4,820.....
> ....4,830.........4,840.........4,850.........4,860.........4,870.........4,880.........4,890.........4,900.........4,910.........4,92
> 0.........4,930.........4,940.........4,950.........4,960.........4,970.........4,980.........4,990.........5,000.........5,010.......
> ..5,020.........5,030.........5,040.........5,050.........5,060.........5,070.........5,080.........5,090.........5,100.........5,110.
> ........5,120.........5,130.........5,140.........5,150.........5,160.........5,170.........5,180.........5,190.........5,200.........
> 5,210.........5,220.........5,230.........5,240.........5,250.........5,260.........5,270.........5,280.........5,290.........5,300...
> ......5,310.........5,320.........5,330.........5,340.........5,350.........5,360.........5,370.........5,380.........5,390.........5,
> 400.........5,410.........5,420.........5,430.........5,440.........5,450.........5,460.........5,470.........5,480.........5,490.....
> ....5,500.........5,510.........5,520.........5,530.........5,540.........5,550.........5,560.........5,570.........5,580.........5,59
> 0.........5,600.........5,610.........5,620.........5,630.........5,640.........5,650.........5,660.........5,670.........5,680.......
> ..5,690.........5,700.........5,710.........5,720.........5,730.........5,740.........5,750.........5,760.........5,770.........5,780.
> ........5,790.........5,800.........5,810.........5,820.........5,830.........5,840.........5,850.........5,860.........5,870.........
> 5,880.........5,890.........5,900.........5,910.........5,920.........5,930.........5,940.........5,950.........5,960.........5,970...
> ......5,980.........5,990.........6,000.........6,010.........6,020.........6,030.........6,040.........6,050.........6,060.........6,
> 070.........6,080.........6,090.........6,100.........6,110.........6,120.........6,130.........6,140.........6,150.........6,160.....
> ....6,170.........6,180.........6,190.........6,200.........6,210.........6,220.........6,230.........6,240.........6,250.........6,26
> 0.........6,270.........6,280.........6,290.........6,300.........6,310.........6,320.........6,330.........6,340.........6,350.......
> ..6,360.........6,370.........6,380.........6,390.........6,400.........6,410.........6,420.........6,430.........6,440.........6,450.
> ........6,460.........6,470.........6,480.........6,490.........6,500.........6,510.........6,520.........6,530.........6,540.........
> 6,550.........6,560.........6,570.........6,580.........6,590.........6,600.........6,610.........6,620.........6,630.........6,640...
> ......6,650.........6,660.........6,670.........6,680.........6,690.........6,700.........6,710.........6,720.........6,730.........6,
> 740.........6,750.........6,760.........6,770.........6,780.........6,790.........6,800.........6,810.........6,820.........6,830.....
> ....6,840.........6,850.........6,860.........6,870.........6,880.........6,890.........6,900.........6,910.........6,920.........6,93
> 0.........6,940.........6,950.........6,960.........6,970.........6,980.........6,990.........7,000.........7,010.........7,020.......
> ..7,030.........7,040.........7,050.........7,060.........7,070.........7,080.........7,090.........7,100.........7,110.........7,120.
> ........7,130.........7,140.........7,150.........7,160.........7,170.........7,180.........7,190.........7,200.........7,210.........
> 7,220.........7,230.........7,240.........7,250.........7,260.........7,270.........7,280.........7,290.........7,300.........7,310...
> ......7,320.........7,330.........7,340.........7,350.........7,360.........7,370.........7,380.........7,390.........7,400.........7,
> 410.........7,420.........7,430.........7,440.........7,450.........7,460.........7,470.........7,480.........7,490.........7,500.....
> ....7,510.........7,520.........7,530.........7,540.........7,550.........7,560.........7,570.........7,580.........7,590.........7,60
> 0.........7,610.........7,620.........7,630.........7,640.........7,650.........7,660.........7,670.........7,680.........7,690.......
> ..7,700.........7,710.........7,720.........7,730.........7,740.........7,750.........7,760.........7,770.........7,780.........7,790.
> ........7,800.........7,810.........7,820.........7,830.........7,840.........7,850.........7,860.........7,870.........7,880.........
> 7,890.........7,900.........7,910.........7,920.........7,930.........7,940.........7,950.........7,960.........7,970.........7,980...
> ......7,990.........8,000.........8,010.........8,020.........8,030.........8,040.........8,050.........8,060.........8,070.........8,
> 080.........8,090.........8,100.........8,110.........8,120.........8,130.........8,140.........8,150.........8,160.........8,170.....
> ....8,180.........8,190.........8,200.........8,210.........8,220.........8,230.........8,240.........8,250.........8,260.........8,27
> 0.........8,280.........8,290.........8,300.........8,310.........8,320.........8,330.........8,340.........8,350.........8,360.......
> ..8,370.........8,380.........8,390.........8,400.........8,410.........8,420.........8,430.........8,440.........8,450.........8,460.
> ........8,470.........8,480.........8,490.........8,500.........8,510.........8,520.........8,530.........8,540.........8,550.........
> 8,560.........8,570.........8,580.........8,590.........8,600.........8,610.........8,620.........8,630.........8,640.........8,650...
> ......8,660.........8,670.........8,680.........8,690.........8,700.........8,710.........8,720.........8,730.........8,740.........8,
> 750.........8,760.........8,770.........8,780.........8,790.........8,800.........8,810.........8,820.........8,830.........8,840.....
> ....8,850.........8,860.........8,870.........8,880.........8,890.........8,900.........8,910.........8,920.........8,930.........8,94
> 0.........8,950.........8,960.........8,970.........8,980.........8,990.........9,000.........9,010.........9,020.........9,030.......
> ..9,040.........9,050.........9,060.........9,070.........9,080.........9,090.........9,100.........9,110.........9,120.........9,130.
> ........9,140.........9,150.........9,160.........9,170.........9,180.........9,190.........9,200.........9,210.........9,220.........
> 9,230.........9,240.........9,250.........9,260.........9,270.........9,280.........9,290.........9,300.........9,310.........9,320...
> ......9,330.........9,340.........9,350.........9,360.........9,370.........9,380.........9,390.........9,400.........9,410.........9,
> 420.........9,430.........9,440.........9,450.........9,460.........9,470.........9,480.........9,490.........9,500.........9,510.....
> ....9,520.........9,530.........9,540.........9,550.........9,560.........9,570.........9,580.........9,590.........9,600.........9,61
> 0.........9,620.........9,630.........9,640.........9,650.........9,660.........9,670.........9,680.........9,690.........9,700.......
> ..9,710.........9,720.........9,730.........9,740.........9,750.........9,760.........9,770.........9,780.........9,790.........9,800.
> ........9,810.........9,820.........9,830.........9,840.........9,850.........9,860.........9,870.........9,880.........9,890.........
> 9,900.........9,910.........9,920.........9,930.........9,940.........9,950.........9,960.........9,970.........9,980.........9,990...
> ......10,000 done

. sum b1_4a_obs100

    Variable |        Obs        Mean    Std. dev.       Min        Max
-------------+---------------------------------------------------------
b1_4a_obs100 |     10,000    4.005451    .3938178   2.507533   5.589094

. sum b2_4a_obs100

    Variable |        Obs        Mean    Std. dev.       Min        Max
-------------+---------------------------------------------------------
b2_4a_obs100 |     10,000    2.001241    .1780954   1.335437   2.681705

. sum gamma_4a_obs100

    Variable |        Obs        Mean    Std. dev.       Min        Max
-------------+---------------------------------------------------------
gamma_4a~100 |     10,000     7.98478     .797926   4.857135   11.29286

. 
. 
. // (c) Now, for each regression, test H0 : β1 = 4 against H1 : β1 ̸= 4. Conduct this test in two ways: first with a small-sample t-tes
> t, and second with the asymptotic t-test. For each test, how often do we reject the null at a 5% significance level? Create tables lik
> e the following with the critical values for the tests and the fraction of observations in which we reject the null hypothesis.
. // Step 1: Display the Small Sample and Asymptotic Critical Values
. di invttail(5-2-1, 0.05/2)
4.3026527

. di invttail(100-2-1, 0.05/2)
1.9847232

. di invnorm(0.05/2)
-1.959964

. 
. // Step 2: Simulate the program for 5 observations
. set seed 123

. simulate b1_4c_obs5 = r(b1) se1_4c_obs5 = r(se1), reps(10000): rg_4, obs(5)

       Command: rg_4, obs(5)
    b1_4c_obs5: r(b1)
   se1_4c_obs5: r(se1)

Simulations (10,000): .........10.........20.........30.........40.........50.........60.........70.........80.........90.........100...
> ......110.........120.........130.........140.........150.........160.........170.........180.........190.........200.........210.....
> ....220.........230.........240.........250.........260.........270.........280.........290.........300.........310.........320.......
> ..330.........340.........350.........360.........370.........380.........390.........400.........410.........420.........430.........
> 440.........450.........460.........470.........480.........490.........500.........510.........520.........530.........540.........55
> 0.........560.........570.........580.........590.........600.........610.........620.........630.........640.........650.........660.
> ........670.........680.........690.........700.........710.........720.........730.........740.........750.........760.........770...
> ......780.........790.........800.........810.........820.........830.........840.........850.........860.........870.........880.....
> ....890.........900.........910.........920.........930.........940.........950.........960.........970.........980.........990.......
> ..1,000.........1,010.........1,020.........1,030.........1,040.........1,050.........1,060.........1,070.........1,080.........1,090.
> ........1,100.........1,110.........1,120.........1,130.........1,140.........1,150.........1,160.........1,170.........1,180.........
> 1,190.........1,200.........1,210.........1,220.........1,230.........1,240.........1,250.........1,260.........1,270.........1,280...
> ......1,290.........1,300.........1,310.........1,320.........1,330.........1,340.........1,350.........1,360.........1,370.........1,
> 380.........1,390.........1,400.........1,410.........1,420.........1,430.........1,440.........1,450.........1,460.........1,470.....
> ....1,480.........1,490.........1,500.........1,510.........1,520.........1,530.........1,540.........1,550.........1,560.........1,57
> 0.........1,580.........1,590.........1,600.........1,610.........1,620.........1,630.........1,640.........1,650.........1,660.......
> ..1,670.........1,680.........1,690.........1,700.........1,710.........1,720.........1,730.........1,740.........1,750.........1,760.
> ........1,770.........1,780.........1,790.........1,800.........1,810.........1,820.........1,830.........1,840.........1,850.........
> 1,860.........1,870.........1,880.........1,890.........1,900.........1,910.........1,920.........1,930.........1,940.........1,950...
> ......1,960.........1,970.........1,980.........1,990.........2,000.........2,010.........2,020.........2,030.........2,040.........2,
> 050.........2,060.........2,070.........2,080.........2,090.........2,100.........2,110.........2,120.........2,130.........2,140.....
> ....2,150.........2,160.........2,170.........2,180.........2,190.........2,200.........2,210.........2,220.........2,230.........2,24
> 0.........2,250.........2,260.........2,270.........2,280.........2,290.........2,300.........2,310.........2,320.........2,330.......
> ..2,340.........2,350.........2,360.........2,370.........2,380.........2,390.........2,400.........2,410.........2,420.........2,430.
> ........2,440.........2,450.........2,460.........2,470.........2,480.........2,490.........2,500.........2,510.........2,520.........
> 2,530.........2,540.........2,550.........2,560.........2,570.........2,580.........2,590.........2,600.........2,610.........2,620...
> ......2,630.........2,640.........2,650.........2,660.........2,670.........2,680.........2,690.........2,700.........2,710.........2,
> 720.........2,730.........2,740.........2,750.........2,760.........2,770.........2,780.........2,790.........2,800.........2,810.....
> ....2,820.........2,830.........2,840.........2,850.........2,860.........2,870.........2,880.........2,890.........2,900.........2,91
> 0.........2,920.........2,930.........2,940.........2,950.........2,960.........2,970.........2,980.........2,990.........3,000.......
> ..3,010.........3,020.........3,030.........3,040.........3,050.........3,060.........3,070.........3,080.........3,090.........3,100.
> ........3,110.........3,120.........3,130.........3,140.........3,150.........3,160.........3,170.........3,180.........3,190.........
> 3,200.........3,210.........3,220.........3,230.........3,240.........3,250.........3,260.........3,270.........3,280.........3,290...
> ......3,300.........3,310.........3,320.........3,330.........3,340.........3,350.........3,360.........3,370.........3,380.........3,
> 390.........3,400.........3,410.........3,420.........3,430.........3,440.........3,450.........3,460.........3,470.........3,480.....
> ....3,490.........3,500.........3,510.........3,520.........3,530.........3,540.........3,550.........3,560.........3,570.........3,58
> 0.........3,590.........3,600.........3,610.........3,620.........3,630.........3,640.........3,650.........3,660.........3,670.......
> ..3,680.........3,690.........3,700.........3,710.........3,720.........3,730.........3,740.........3,750.........3,760.........3,770.
> ........3,780.........3,790.........3,800.........3,810.........3,820.........3,830.........3,840.........3,850.........3,860.........
> 3,870.........3,880.........3,890.........3,900.........3,910.........3,920.........3,930.........3,940.........3,950.........3,960...
> ......3,970.........3,980.........3,990.........4,000.........4,010.........4,020.........4,030.........4,040.........4,050.........4,
> 060.........4,070.........4,080.........4,090.........4,100.........4,110.........4,120.........4,130.........4,140.........4,150.....
> ....4,160.........4,170.........4,180.........4,190.........4,200.........4,210.........4,220.........4,230.........4,240.........4,25
> 0.........4,260.........4,270.........4,280.........4,290.........4,300.........4,310.........4,320.........4,330.........4,340.......
> ..4,350.........4,360.........4,370.........4,380.........4,390.........4,400.........4,410.........4,420.........4,430.........4,440.
> ........4,450.........4,460.........4,470.........4,480.........4,490.........4,500.........4,510.........4,520.........4,530.........
> 4,540.........4,550.........4,560.........4,570.........4,580.........4,590.........4,600.........4,610.........4,620.........4,630...
> ......4,640.........4,650.........4,660.........4,670.........4,680.........4,690.........4,700.........4,710.........4,720.........4,
> 730.........4,740.........4,750.........4,760.........4,770.........4,780.........4,790.........4,800.........4,810.........4,820.....
> ....4,830.........4,840.........4,850.........4,860.........4,870.........4,880.........4,890.........4,900.........4,910.........4,92
> 0.........4,930.........4,940.........4,950.........4,960.........4,970.........4,980.........4,990.........5,000.........5,010.......
> ..5,020.........5,030.........5,040.........5,050.........5,060.........5,070.........5,080.........5,090.........5,100.........5,110.
> ........5,120.........5,130.........5,140.........5,150.........5,160.........5,170.........5,180.........5,190.........5,200.........
> 5,210.........5,220.........5,230.........5,240.........5,250.........5,260.........5,270.........5,280.........5,290.........5,300...
> ......5,310.........5,320.........5,330.........5,340.........5,350.........5,360.........5,370.........5,380.........5,390.........5,
> 400.........5,410.........5,420.........5,430.........5,440.........5,450.........5,460.........5,470.........5,480.........5,490.....
> ....5,500.........5,510.........5,520.........5,530.........5,540.........5,550.........5,560.........5,570.........5,580.........5,59
> 0.........5,600.........5,610.........5,620.........5,630.........5,640.........5,650.........5,660.........5,670.........5,680.......
> ..5,690.........5,700.........5,710.........5,720.........5,730.........5,740.........5,750.........5,760.........5,770.........5,780.
> ........5,790.........5,800.........5,810.........5,820.........5,830.........5,840.........5,850.........5,860.........5,870.........
> 5,880.........5,890.........5,900.........5,910.........5,920.........5,930.........5,940.........5,950.........5,960.........5,970...
> ......5,980.........5,990.........6,000.........6,010.........6,020.........6,030.........6,040.........6,050.........6,060.........6,
> 070.........6,080.........6,090.........6,100.........6,110.........6,120.........6,130.........6,140.........6,150.........6,160.....
> ....6,170.........6,180.........6,190.........6,200.........6,210.........6,220.........6,230.........6,240.........6,250.........6,26
> 0.........6,270.........6,280.........6,290.........6,300.........6,310.........6,320.........6,330.........6,340.........6,350.......
> ..6,360.........6,370.........6,380.........6,390.........6,400.........6,410.........6,420.........6,430.........6,440.........6,450.
> ........6,460.........6,470.........6,480.........6,490.........6,500.........6,510.........6,520.........6,530.........6,540.........
> 6,550.........6,560.........6,570.........6,580.........6,590.........6,600.........6,610.........6,620.........6,630.........6,640...
> ......6,650.........6,660.........6,670.........6,680.........6,690.........6,700.........6,710.........6,720.........6,730.........6,
> 740.........6,750.........6,760.........6,770.........6,780.........6,790.........6,800.........6,810.........6,820.........6,830.....
> ....6,840.........6,850.........6,860.........6,870.........6,880.........6,890.........6,900.........6,910.........6,920.........6,93
> 0.........6,940.........6,950.........6,960.........6,970.........6,980.........6,990.........7,000.........7,010.........7,020.......
> ..7,030.........7,040.........7,050.........7,060.........7,070.........7,080.........7,090.........7,100.........7,110.........7,120.
> ........7,130.........7,140.........7,150.........7,160.........7,170.........7,180.........7,190.........7,200.........7,210.........
> 7,220.........7,230.........7,240.........7,250.........7,260.........7,270.........7,280.........7,290.........7,300.........7,310...
> ......7,320.........7,330.........7,340.........7,350.........7,360.........7,370.........7,380.........7,390.........7,400.........7,
> 410.........7,420.........7,430.........7,440.........7,450.........7,460.........7,470.........7,480.........7,490.........7,500.....
> ....7,510.........7,520.........7,530.........7,540.........7,550.........7,560.........7,570.........7,580.........7,590.........7,60
> 0.........7,610.........7,620.........7,630.........7,640.........7,650.........7,660.........7,670.........7,680.........7,690.......
> ..7,700.........7,710.........7,720.........7,730.........7,740.........7,750.........7,760.........7,770.........7,780.........7,790.
> ........7,800.........7,810.........7,820.........7,830.........7,840.........7,850.........7,860.........7,870.........7,880.........
> 7,890.........7,900.........7,910.........7,920.........7,930.........7,940.........7,950.........7,960.........7,970.........7,980...
> ......7,990.........8,000.........8,010.........8,020.........8,030.........8,040.........8,050.........8,060.........8,070.........8,
> 080.........8,090.........8,100.........8,110.........8,120.........8,130.........8,140.........8,150.........8,160.........8,170.....
> ....8,180.........8,190.........8,200.........8,210.........8,220.........8,230.........8,240.........8,250.........8,260.........8,27
> 0.........8,280.........8,290.........8,300.........8,310.........8,320.........8,330.........8,340.........8,350.........8,360.......
> ..8,370.........8,380.........8,390.........8,400.........8,410.........8,420.........8,430.........8,440.........8,450.........8,460.
> ........8,470.........8,480.........8,490.........8,500.........8,510.........8,520.........8,530.........8,540.........8,550.........
> 8,560.........8,570.........8,580.........8,590.........8,600.........8,610.........8,620.........8,630.........8,640.........8,650...
> ......8,660.........8,670.........8,680.........8,690.........8,700.........8,710.........8,720.........8,730.........8,740.........8,
> 750.........8,760.........8,770.........8,780.........8,790.........8,800.........8,810.........8,820.........8,830.........8,840.....
> ....8,850.........8,860.........8,870.........8,880.........8,890.........8,900.........8,910.........8,920.........8,930.........8,94
> 0.........8,950.........8,960.........8,970.........8,980.........8,990.........9,000.........9,010.........9,020.........9,030.......
> ..9,040.........9,050.........9,060.........9,070.........9,080.........9,090.........9,100.........9,110.........9,120.........9,130.
> ........9,140.........9,150.........9,160.........9,170.........9,180.........9,190.........9,200.........9,210.........9,220.........
> 9,230.........9,240.........9,250.........9,260.........9,270.........9,280.........9,290.........9,300.........9,310.........9,320...
> ......9,330.........9,340.........9,350.........9,360.........9,370.........9,380.........9,390.........9,400.........9,410.........9,
> 420.........9,430.........9,440.........9,450.........9,460.........9,470.........9,480.........9,490.........9,500.........9,510.....
> ....9,520.........9,530.........9,540.........9,550.........9,560.........9,570.........9,580.........9,590.........9,600.........9,61
> 0.........9,620.........9,630.........9,640.........9,650.........9,660.........9,670.........9,680.........9,690.........9,700.......
> ..9,710.........9,720.........9,730.........9,740.........9,750.........9,760.........9,770.........9,780.........9,790.........9,800.
> ........9,810.........9,820.........9,830.........9,840.........9,850.........9,860.........9,870.........9,880.........9,890.........
> 9,900.........9,910.........9,920.........9,930.........9,940.........9,950.........9,960.........9,970.........9,980.........9,990...
> ......10,000 done

. gen tstat_obs5 = (b1_4c_obs5 - 4)/se1_4c_obs5

. gen t_obs5 = 0

. gen z_obs5 = 0

. replace t_obs5 = 1 if abs(tstat_obs5) >= abs(invttail(2,0.05/2))
(499 real changes made)

. replace z_obs5 = 1 if abs(tstat_obs5) >= abs(invnorm(0.05/2))
(1,874 real changes made)

. 
. tab t_obs5 //tab counts the frequencies of 0 and 1

     t_obs5 |      Freq.     Percent        Cum.
------------+-----------------------------------
          0 |      9,501       95.01       95.01
          1 |        499        4.99      100.00
------------+-----------------------------------
      Total |     10,000      100.00

. tab z_obs5

     z_obs5 |      Freq.     Percent        Cum.
------------+-----------------------------------
          0 |      8,126       81.26       81.26
          1 |      1,874       18.74      100.00
------------+-----------------------------------
      Total |     10,000      100.00

. 
. // Step 3: Simulate the program for 100 observations
. set seed 123

. simulate b1_4c_obs100 = r(b1) se1_4c_obs100 = r(se1), reps(10000): rg_4, obs(100)

         Command: rg_4, obs(100)
    b1_4c_obs100: r(b1)
   se1_4c_obs100: r(se1)

Simulations (10,000): .........10.........20.........30.........40.........50.........60.........70.........80.........90.........100...
> ......110.........120.........130.........140.........150.........160.........170.........180.........190.........200.........210.....
> ....220.........230.........240.........250.........260.........270.........280.........290.........300.........310.........320.......
> ..330.........340.........350.........360.........370.........380.........390.........400.........410.........420.........430.........
> 440.........450.........460.........470.........480.........490.........500.........510.........520.........530.........540.........55
> 0.........560.........570.........580.........590.........600.........610.........620.........630.........640.........650.........660.
> ........670.........680.........690.........700.........710.........720.........730.........740.........750.........760.........770...
> ......780.........790.........800.........810.........820.........830.........840.........850.........860.........870.........880.....
> ....890.........900.........910.........920.........930.........940.........950.........960.........970.........980.........990.......
> ..1,000.........1,010.........1,020.........1,030.........1,040.........1,050.........1,060.........1,070.........1,080.........1,090.
> ........1,100.........1,110.........1,120.........1,130.........1,140.........1,150.........1,160.........1,170.........1,180.........
> 1,190.........1,200.........1,210.........1,220.........1,230.........1,240.........1,250.........1,260.........1,270.........1,280...
> ......1,290.........1,300.........1,310.........1,320.........1,330.........1,340.........1,350.........1,360.........1,370.........1,
> 380.........1,390.........1,400.........1,410.........1,420.........1,430.........1,440.........1,450.........1,460.........1,470.....
> ....1,480.........1,490.........1,500.........1,510.........1,520.........1,530.........1,540.........1,550.........1,560.........1,57
> 0.........1,580.........1,590.........1,600.........1,610.........1,620.........1,630.........1,640.........1,650.........1,660.......
> ..1,670.........1,680.........1,690.........1,700.........1,710.........1,720.........1,730.........1,740.........1,750.........1,760.
> ........1,770.........1,780.........1,790.........1,800.........1,810.........1,820.........1,830.........1,840.........1,850.........
> 1,860.........1,870.........1,880.........1,890.........1,900.........1,910.........1,920.........1,930.........1,940.........1,950...
> ......1,960.........1,970.........1,980.........1,990.........2,000.........2,010.........2,020.........2,030.........2,040.........2,
> 050.........2,060.........2,070.........2,080.........2,090.........2,100.........2,110.........2,120.........2,130.........2,140.....
> ....2,150.........2,160.........2,170.........2,180.........2,190.........2,200.........2,210.........2,220.........2,230.........2,24
> 0.........2,250.........2,260.........2,270.........2,280.........2,290.........2,300.........2,310.........2,320.........2,330.......
> ..2,340.........2,350.........2,360.........2,370.........2,380.........2,390.........2,400.........2,410.........2,420.........2,430.
> ........2,440.........2,450.........2,460.........2,470.........2,480.........2,490.........2,500.........2,510.........2,520.........
> 2,530.........2,540.........2,550.........2,560.........2,570.........2,580.........2,590.........2,600.........2,610.........2,620...
> ......2,630.........2,640.........2,650.........2,660.........2,670.........2,680.........2,690.........2,700.........2,710.........2,
> 720.........2,730.........2,740.........2,750.........2,760.........2,770.........2,780.........2,790.........2,800.........2,810.....
> ....2,820.........2,830.........2,840.........2,850.........2,860.........2,870.........2,880.........2,890.........2,900.........2,91
> 0.........2,920.........2,930.........2,940.........2,950.........2,960.........2,970.........2,980.........2,990.........3,000.......
> ..3,010.........3,020.........3,030.........3,040.........3,050.........3,060.........3,070.........3,080.........3,090.........3,100.
> ........3,110.........3,120.........3,130.........3,140.........3,150.........3,160.........3,170.........3,180.........3,190.........
> 3,200.........3,210.........3,220.........3,230.........3,240.........3,250.........3,260.........3,270.........3,280.........3,290...
> ......3,300.........3,310.........3,320.........3,330.........3,340.........3,350.........3,360.........3,370.........3,380.........3,
> 390.........3,400.........3,410.........3,420.........3,430.........3,440.........3,450.........3,460.........3,470.........3,480.....
> ....3,490.........3,500.........3,510.........3,520.........3,530.........3,540.........3,550.........3,560.........3,570.........3,58
> 0.........3,590.........3,600.........3,610.........3,620.........3,630.........3,640.........3,650.........3,660.........3,670.......
> ..3,680.........3,690.........3,700.........3,710.........3,720.........3,730.........3,740.........3,750.........3,760.........3,770.
> ........3,780.........3,790.........3,800.........3,810.........3,820.........3,830.........3,840.........3,850.........3,860.........
> 3,870.........3,880.........3,890.........3,900.........3,910.........3,920.........3,930.........3,940.........3,950.........3,960...
> ......3,970.........3,980.........3,990.........4,000.........4,010.........4,020.........4,030.........4,040.........4,050.........4,
> 060.........4,070.........4,080.........4,090.........4,100.........4,110.........4,120.........4,130.........4,140.........4,150.....
> ....4,160.........4,170.........4,180.........4,190.........4,200.........4,210.........4,220.........4,230.........4,240.........4,25
> 0.........4,260.........4,270.........4,280.........4,290.........4,300.........4,310.........4,320.........4,330.........4,340.......
> ..4,350.........4,360.........4,370.........4,380.........4,390.........4,400.........4,410.........4,420.........4,430.........4,440.
> ........4,450.........4,460.........4,470.........4,480.........4,490.........4,500.........4,510.........4,520.........4,530.........
> 4,540.........4,550.........4,560.........4,570.........4,580.........4,590.........4,600.........4,610.........4,620.........4,630...
> ......4,640.........4,650.........4,660.........4,670.........4,680.........4,690.........4,700.........4,710.........4,720.........4,
> 730.........4,740.........4,750.........4,760.........4,770.........4,780.........4,790.........4,800.........4,810.........4,820.....
> ....4,830.........4,840.........4,850.........4,860.........4,870.........4,880.........4,890.........4,900.........4,910.........4,92
> 0.........4,930.........4,940.........4,950.........4,960.........4,970.........4,980.........4,990.........5,000.........5,010.......
> ..5,020.........5,030.........5,040.........5,050.........5,060.........5,070.........5,080.........5,090.........5,100.........5,110.
> ........5,120.........5,130.........5,140.........5,150.........5,160.........5,170.........5,180.........5,190.........5,200.........
> 5,210.........5,220.........5,230.........5,240.........5,250.........5,260.........5,270.........5,280.........5,290.........5,300...
> ......5,310.........5,320.........5,330.........5,340.........5,350.........5,360.........5,370.........5,380.........5,390.........5,
> 400.........5,410.........5,420.........5,430.........5,440.........5,450.........5,460.........5,470.........5,480.........5,490.....
> ....5,500.........5,510.........5,520.........5,530.........5,540.........5,550.........5,560.........5,570.........5,580.........5,59
> 0.........5,600.........5,610.........5,620.........5,630.........5,640.........5,650.........5,660.........5,670.........5,680.......
> ..5,690.........5,700.........5,710.........5,720.........5,730.........5,740.........5,750.........5,760.........5,770.........5,780.
> ........5,790.........5,800.........5,810.........5,820.........5,830.........5,840.........5,850.........5,860.........5,870.........
> 5,880.........5,890.........5,900.........5,910.........5,920.........5,930.........5,940.........5,950.........5,960.........5,970...
> ......5,980.........5,990.........6,000.........6,010.........6,020.........6,030.........6,040.........6,050.........6,060.........6,
> 070.........6,080.........6,090.........6,100.........6,110.........6,120.........6,130.........6,140.........6,150.........6,160.....
> ....6,170.........6,180.........6,190.........6,200.........6,210.........6,220.........6,230.........6,240.........6,250.........6,26
> 0.........6,270.........6,280.........6,290.........6,300.........6,310.........6,320.........6,330.........6,340.........6,350.......
> ..6,360.........6,370.........6,380.........6,390.........6,400.........6,410.........6,420.........6,430.........6,440.........6,450.
> ........6,460.........6,470.........6,480.........6,490.........6,500.........6,510.........6,520.........6,530.........6,540.........
> 6,550.........6,560.........6,570.........6,580.........6,590.........6,600.........6,610.........6,620.........6,630.........6,640...
> ......6,650.........6,660.........6,670.........6,680.........6,690.........6,700.........6,710.........6,720.........6,730.........6,
> 740.........6,750.........6,760.........6,770.........6,780.........6,790.........6,800.........6,810.........6,820.........6,830.....
> ....6,840.........6,850.........6,860.........6,870.........6,880.........6,890.........6,900.........6,910.........6,920.........6,93
> 0.........6,940.........6,950.........6,960.........6,970.........6,980.........6,990.........7,000.........7,010.........7,020.......
> ..7,030.........7,040.........7,050.........7,060.........7,070.........7,080.........7,090.........7,100.........7,110.........7,120.
> ........7,130.........7,140.........7,150.........7,160.........7,170.........7,180.........7,190.........7,200.........7,210.........
> 7,220.........7,230.........7,240.........7,250.........7,260.........7,270.........7,280.........7,290.........7,300.........7,310...
> ......7,320.........7,330.........7,340.........7,350.........7,360.........7,370.........7,380.........7,390.........7,400.........7,
> 410.........7,420.........7,430.........7,440.........7,450.........7,460.........7,470.........7,480.........7,490.........7,500.....
> ....7,510.........7,520.........7,530.........7,540.........7,550.........7,560.........7,570.........7,580.........7,590.........7,60
> 0.........7,610.........7,620.........7,630.........7,640.........7,650.........7,660.........7,670.........7,680.........7,690.......
> ..7,700.........7,710.........7,720.........7,730.........7,740.........7,750.........7,760.........7,770.........7,780.........7,790.
> ........7,800.........7,810.........7,820.........7,830.........7,840.........7,850.........7,860.........7,870.........7,880.........
> 7,890.........7,900.........7,910.........7,920.........7,930.........7,940.........7,950.........7,960.........7,970.........7,980...
> ......7,990.........8,000.........8,010.........8,020.........8,030.........8,040.........8,050.........8,060.........8,070.........8,
> 080.........8,090.........8,100.........8,110.........8,120.........8,130.........8,140.........8,150.........8,160.........8,170.....
> ....8,180.........8,190.........8,200.........8,210.........8,220.........8,230.........8,240.........8,250.........8,260.........8,27
> 0.........8,280.........8,290.........8,300.........8,310.........8,320.........8,330.........8,340.........8,350.........8,360.......
> ..8,370.........8,380.........8,390.........8,400.........8,410.........8,420.........8,430.........8,440.........8,450.........8,460.
> ........8,470.........8,480.........8,490.........8,500.........8,510.........8,520.........8,530.........8,540.........8,550.........
> 8,560.........8,570.........8,580.........8,590.........8,600.........8,610.........8,620.........8,630.........8,640.........8,650...
> ......8,660.........8,670.........8,680.........8,690.........8,700.........8,710.........8,720.........8,730.........8,740.........8,
> 750.........8,760.........8,770.........8,780.........8,790.........8,800.........8,810.........8,820.........8,830.........8,840.....
> ....8,850.........8,860.........8,870.........8,880.........8,890.........8,900.........8,910.........8,920.........8,930.........8,94
> 0.........8,950.........8,960.........8,970.........8,980.........8,990.........9,000.........9,010.........9,020.........9,030.......
> ..9,040.........9,050.........9,060.........9,070.........9,080.........9,090.........9,100.........9,110.........9,120.........9,130.
> ........9,140.........9,150.........9,160.........9,170.........9,180.........9,190.........9,200.........9,210.........9,220.........
> 9,230.........9,240.........9,250.........9,260.........9,270.........9,280.........9,290.........9,300.........9,310.........9,320...
> ......9,330.........9,340.........9,350.........9,360.........9,370.........9,380.........9,390.........9,400.........9,410.........9,
> 420.........9,430.........9,440.........9,450.........9,460.........9,470.........9,480.........9,490.........9,500.........9,510.....
> ....9,520.........9,530.........9,540.........9,550.........9,560.........9,570.........9,580.........9,590.........9,600.........9,61
> 0.........9,620.........9,630.........9,640.........9,650.........9,660.........9,670.........9,680.........9,690.........9,700.......
> ..9,710.........9,720.........9,730.........9,740.........9,750.........9,760.........9,770.........9,780.........9,790.........9,800.
> ........9,810.........9,820.........9,830.........9,840.........9,850.........9,860.........9,870.........9,880.........9,890.........
> 9,900.........9,910.........9,920.........9,930.........9,940.........9,950.........9,960.........9,970.........9,980.........9,990...
> ......10,000 done

. gen tstat_obs100 = (b1_4c_obs100 - 4)/se1_4c_obs100

. gen t_obs100 = 0

. gen z_obs100 = 0

. replace t_obs100 = 1 if abs(tstat_obs100) >= abs(invttail(97,0.05/2))
(519 real changes made)

. replace z_obs100 = 1 if abs(tstat_obs100) >= abs(invnorm(0.05/2))
(541 real changes made)

. 
. tab t_obs100

   t_obs100 |      Freq.     Percent        Cum.
------------+-----------------------------------
          0 |      9,481       94.81       94.81
          1 |        519        5.19      100.00
------------+-----------------------------------
      Total |     10,000      100.00

. tab z_obs100

   z_obs100 |      Freq.     Percent        Cum.
------------+-----------------------------------
          0 |      9,459       94.59       94.59
          1 |        541        5.41      100.00
------------+-----------------------------------
      Total |     10,000      100.00

. 
. 
. 
. 
. 
. 
. 
. 
. 
. 
. 
. 
. 
. 
. 
. 
. 
. 
. 
. 
. 
. 
. 
. 
. 
. 
. 
end of do-file

. log close
      name:  <unnamed>
       log:  C:\Users\soulu\OneDrive - University of Toronto\University of Toronto\UTM 2021-2023\7_2023 Fall\ECO375H5F\Homework\Homework
>  2\Homework_2.log
  log type:  text
 closed on:  16 Nov 2023, 08:48:56
----------------------------------------------------------------------------------------------------------------------------------------
